python : C:\Users\adamm\AppData\Local\Programs\Python\Python313\Lib\site-packages\torch\nn\modules\transformer.py:382: 
UserWarning: enable_nested_tensor is True, but self.use_nested_tensor is False because encoder_layer.norm_first was 
True
At C:\Users\adamm\AppData\Local\Temp\ps-script-f33b25c6-c57a-467d-9911-4452df91249a.ps1:75 char:37
+ ... t Compass"; python -m backend.ml.outcome_eval --checkpoint backend/ml ...
+                 ~~~~~~~~~~~~~~~~~~~~~~~~~~~~~~~~~~~~~~~~~~~~~~~~~~~~~~~~~
    + CategoryInfo          : NotSpecified: (C:\Users\adamm\..._first was True:String) [], RemoteException
    + FullyQualifiedErrorId : NativeCommandError
 
  warnings.warn(
C:\Users\adamm\AppData\Local\Programs\Python\Python313\Lib\site-packages\numpy\lib\_function_base_impl.py:3065: 
RuntimeWarning: invalid value encountered in divide
  c /= stddev[:, None]
C:\Users\adamm\AppData\Local\Programs\Python\Python313\Lib\site-packages\numpy\lib\_function_base_impl.py:3066: 
RuntimeWarning: invalid value encountered in divide
  c /= stddev[None, :]
C:\Users\adamm\AppData\Local\Programs\Python\Python313\Lib\site-packages\sklearn\linear_model\_logistic.py:1272: 
FutureWarning: 'multi_class' was deprecated in version 1.5 and will be removed in 1.7. From then on, it will always 
use 'multinomial'. Leave it to its default value to avoid this warning.
  warnings.warn(
C:\Users\adamm\AppData\Local\Programs\Python\Python313\Lib\site-packages\numpy\lib\_function_base_impl.py:3065: 
RuntimeWarning: invalid value encountered in divide
  c /= stddev[:, None]
C:\Users\adamm\AppData\Local\Programs\Python\Python313\Lib\site-packages\numpy\lib\_function_base_impl.py:3066: 
RuntimeWarning: invalid value encountered in divide
  c /= stddev[None, :]
Fitting RIDGE...
Fitting GBT...
Fitting MLP_RAW...
Training GRU baseline...
  GRU took 19.0s
Training TRANSFORMER baseline...
  TSENCODER took 17.7s
Loading JEPA checkpoint backend\ml\checkpoints\jepa_best_full.pt...
[ok] wrote backend\ml\results\outcome_report_full.md
